Flutter crash report.
Please report a bug at https://github.com/flutter/flutter/issues.

## command

flutter run

## exception

OutOfMemoryError: Out of Memory

```
#0      new Uint8List (dart:typed_data-patch/typed_data_patch.dart:2307:3)
#1      _File.readAsBytesSync (dart:io/file_impl.dart:589:16)
#2      ForwardingFile.readAsBytesSync (package:file/src/forwarding/forwarding_file.dart:91:43)
#3      ForwardingFile.readAsBytesSync (package:file/src/forwarding/forwarding_file.dart:91:43)
#4      WebMemoryFS.write (package:flutter_tools/src/web/memory_fs.dart:34:42)
#5      WebDevFS.update (package:flutter_tools/src/isolated/devfs_web.dart:1061:45)
#6      _rootRunUnary (dart:async/zone.dart:1407:47)
#7      _CustomZone.runUnary (dart:async/zone.dart:1308:19)
#8      _FutureListener.handleValue (dart:async/future_impl.dart:163:18)
#9      Future._propagateToListeners.handleValueCallback (dart:async/future_impl.dart:861:45)
#10     Future._propagateToListeners (dart:async/future_impl.dart:890:13)
#11     Future._completeWithValue (dart:async/future_impl.dart:666:5)
#12     Future._asyncCompleteWithValue.<anonymous closure> (dart:async/future_impl.dart:736:7)
#13     _rootRun (dart:async/zone.dart:1399:13)
#14     _CustomZone.run (dart:async/zone.dart:1301:19)
#15     _CustomZone.runGuarded (dart:async/zone.dart:1209:7)
#16     _CustomZone.bindCallbackGuarded.<anonymous closure> (dart:async/zone.dart:1249:23)
#17     _microtaskLoop (dart:async/schedule_microtask.dart:40:21)
#18     _startMicrotaskLoop (dart:async/schedule_microtask.dart:49:5)
#19     _runPendingImmediateCallback (dart:isolate-patch/isolate_patch.dart:118:13)
#20     _RawReceivePort._handleMessage (dart:isolate-patch/isolate_patch.dart:185:5)
```

## flutter doctor

```
[32m[✓][39m Flutter (Channel stable, 3.24.3, on Microsoft Windows [Version 10.0.26200.7840], locale en-IN)
    [32m•[39m Flutter version 3.24.3 on channel stable at D:\flutter_windows_3.24.3-stable\flutter
    [32m•[39m Upstream repository https://github.com/flutter/flutter.git
    [32m•[39m Framework revision 2663184aa7 (1 year, 6 months ago), 2024-09-11 16:27:48 -0500
    [32m•[39m Engine revision 36335019a8
    [32m•[39m Dart version 3.5.3
    [32m•[39m DevTools version 2.37.3

[33m[!][39m Windows Version (Problem detected with Windows installation)
    [33m![39m Get-Process failed to complete

[33m[!][39m Android toolchain - develop for Android devices (Android SDK version 36.1.0)
    [32m•[39m Android SDK at D:\AndroidSDK
    [32m•[39m Platform android-34, build-tools 36.1.0
    [32m•[39m ANDROID_HOME = D:\AndroidSDK
    [32m•[39m Java binary at: C:\Program Files (x86)\Common Files\Oracle\Java\java8path\java.exe
    [31m✗[39m Could not determine java version

[32m[✓][39m Chrome - develop for the web
    [32m•[39m Chrome at C:\Program Files\Google\Chrome\Application\chrome.exe

[32m[✓][39m Visual Studio - develop Windows apps (Visual Studio Build Tools 2026 18.2.1)
    [32m•[39m Visual Studio at C:\Program Files (x86)\Microsoft Visual Studio\18\BuildTools
    [32m•[39m Visual Studio Build Tools 2026 version 18.2.11415.280
    [32m•[39m Windows 10 SDK version 10.0.26100.0

[33m[!][39m Android Studio (version 2025.3.2)
    [32m•[39m Android Studio at C:\Program Files\Android\Android Studio
    [32m•[39m Flutter plugin can be installed from:
      🔨 https://plugins.jetbrains.com/plugin/9212-flutter
    [32m•[39m Dart plugin can be installed from:
      🔨 https://plugins.jetbrains.com/plugin/6351-dart
    [31m✗[39m Unable to determine bundled Java version.
    [32m•[39m Try updating or re-installing Android Studio.

[32m[✓][39m VS Code (version unknown)
    [32m•[39m VS Code at C:\Users\acer\AppData\Local\Programs\Microsoft VS Code
    [32m•[39m Flutter extension can be installed from:
      🔨 https://marketplace.visualstudio.com/items?itemName=Dart-Code.flutter
    [31m✗[39m Unable to determine VS Code version.

[32m[✓][39m Connected device (3 available)
    [32m•[39m Windows (desktop) • windows • windows-x64    • Microsoft Windows [Version 10.0.26200.7840]
    [32m•[39m Chrome (web)      • chrome  • web-javascript • Google Chrome 145.0.7632.162
    [32m•[39m Edge (web)        • edge    • web-javascript • Microsoft Edge 145.0.3800.97

[32m[✓][39m Network resources
    [32m•[39m All expected network resources are available.

[33m![39m Doctor found issues in 3 categories.
```
